<?xml version="1.0" encoding="UTF-8"?>
<!-- Generated by org.testng.reporters.JUnitXMLReporter -->
<testsuite hostname="sys" name="Test with Firefox" tests="3" failures="0" timestamp="16 May 2020 09:16:28 GMT" time="5.497" errors="0">
  <testcase name="@BeforeMethod setUpTest" time="0.0" classname="com.MyTests.LoginTest">
    <failure type="io.github.bonigarcia.wdm.WebDriverManagerException" message="java.lang.NullPointerException">
      <![CDATA[io.github.bonigarcia.wdm.WebDriverManagerException: java.lang.NullPointerException
	at io.github.bonigarcia.wdm.WebDriverManager.handleException(WebDriverManager.java:523)
	at io.github.bonigarcia.wdm.WebDriverManager.manage(WebDriverManager.java:471)
	at io.github.bonigarcia.wdm.WebDriverManager.handleException(WebDriverManager.java:520)
	at io.github.bonigarcia.wdm.WebDriverManager.manage(WebDriverManager.java:471)
	at io.github.bonigarcia.wdm.WebDriverManager.setup(WebDriverManager.java:229)
	at com.MyTests.BaseTest.setUpTest(BaseTest.java:28)
	at sun.reflect.NativeMethodAccessorImpl.invoke0(Native Method)
	at sun.reflect.NativeMethodAccessorImpl.invoke(NativeMethodAccessorImpl.java:62)
	at sun.reflect.DelegatingMethodAccessorImpl.invoke(DelegatingMethodAccessorImpl.java:43)
	at java.lang.reflect.Method.invoke(Method.java:498)
	at org.testng.internal.MethodInvocationHelper.invokeMethod(MethodInvocationHelper.java:80)
	at org.testng.internal.Invoker.invokeConfigurationMethod(Invoker.java:564)
	at org.testng.internal.Invoker.invokeConfigurations(Invoker.java:213)
	at org.testng.internal.Invoker.invokeMethod(Invoker.java:653)
	at org.testng.internal.Invoker.invokeTestMethod(Invoker.java:907)
	at org.testng.internal.Invoker.invokeTestMethods(Invoker.java:1237)
	at org.testng.internal.TestMethodWorker.invokeTestMethods(TestMethodWorker.java:127)
	at org.testng.internal.TestMethodWorker.run(TestMethodWorker.java:111)
	at java.util.concurrent.ThreadPoolExecutor.runWorker(ThreadPoolExecutor.java:1142)
	at java.util.concurrent.ThreadPoolExecutor$Worker.run(ThreadPoolExecutor.java:617)
	at java.lang.Thread.run(Thread.java:745)
Caused by: java.lang.NullPointerException
	at io.github.bonigarcia.wdm.WebDriverManager.getDefaultBrowserVersion(WebDriverManager.java:958)
	at io.github.bonigarcia.wdm.FirefoxDriverManager.getBrowserVersion(FirefoxDriverManager.java:80)
	at io.github.bonigarcia.wdm.WebDriverManager.getVersionForInstalledBrowser(WebDriverManager.java:477)
	at io.github.bonigarcia.wdm.WebDriverManager.manage(WebDriverManager.java:430)
	... 19 more
]]>
    </failure>
  </testcase> <!-- @BeforeMethod setUpTest -->
  <testcase name="@AfterMethod setDown" time="0.0" classname="com.MyTests.LoginTest">
    <skipped/>
  </testcase> <!-- @AfterMethod setDown -->
  <testcase name="@BeforeMethod setUpTest" time="0.0" classname="com.MyTests.LoginTest">
    <failure type="io.github.bonigarcia.wdm.WebDriverManagerException" message="java.lang.NullPointerException">
      <![CDATA[io.github.bonigarcia.wdm.WebDriverManagerException: java.lang.NullPointerException
	at io.github.bonigarcia.wdm.WebDriverManager.handleException(WebDriverManager.java:523)
	at io.github.bonigarcia.wdm.WebDriverManager.manage(WebDriverManager.java:471)
	at io.github.bonigarcia.wdm.WebDriverManager.handleException(WebDriverManager.java:520)
	at io.github.bonigarcia.wdm.WebDriverManager.manage(WebDriverManager.java:471)
	at io.github.bonigarcia.wdm.WebDriverManager.setup(WebDriverManager.java:229)
	at com.MyTests.BaseTest.setUpTest(BaseTest.java:28)
	at sun.reflect.NativeMethodAccessorImpl.invoke0(Native Method)
	at sun.reflect.NativeMethodAccessorImpl.invoke(NativeMethodAccessorImpl.java:62)
	at sun.reflect.DelegatingMethodAccessorImpl.invoke(DelegatingMethodAccessorImpl.java:43)
	at java.lang.reflect.Method.invoke(Method.java:498)
	at org.testng.internal.MethodInvocationHelper.invokeMethod(MethodInvocationHelper.java:80)
	at org.testng.internal.Invoker.invokeConfigurationMethod(Invoker.java:564)
	at org.testng.internal.Invoker.invokeConfigurations(Invoker.java:213)
	at org.testng.internal.Invoker.invokeMethod(Invoker.java:653)
	at org.testng.internal.Invoker.invokeTestMethod(Invoker.java:907)
	at org.testng.internal.Invoker.invokeTestMethods(Invoker.java:1237)
	at org.testng.internal.TestMethodWorker.invokeTestMethods(TestMethodWorker.java:127)
	at org.testng.internal.TestMethodWorker.run(TestMethodWorker.java:111)
	at java.util.concurrent.ThreadPoolExecutor.runWorker(ThreadPoolExecutor.java:1142)
	at java.util.concurrent.ThreadPoolExecutor$Worker.run(ThreadPoolExecutor.java:617)
	at java.lang.Thread.run(Thread.java:745)
Caused by: java.lang.NullPointerException
	at io.github.bonigarcia.wdm.WebDriverManager.getDefaultBrowserVersion(WebDriverManager.java:958)
	at io.github.bonigarcia.wdm.FirefoxDriverManager.getBrowserVersion(FirefoxDriverManager.java:80)
	at io.github.bonigarcia.wdm.WebDriverManager.getVersionForInstalledBrowser(WebDriverManager.java:477)
	at io.github.bonigarcia.wdm.WebDriverManager.manage(WebDriverManager.java:430)
	... 19 more
]]>
    </failure>
  </testcase> <!-- @BeforeMethod setUpTest -->
  <testcase name="@AfterMethod setDown" time="0.0" classname="com.MyTests.LoginTest">
    <skipped/>
  </testcase> <!-- @AfterMethod setDown -->
  <testcase name="@BeforeMethod setUpTest" time="0.0" classname="com.MyTests.LoginTest">
    <failure type="io.github.bonigarcia.wdm.WebDriverManagerException" message="java.lang.NullPointerException">
      <![CDATA[io.github.bonigarcia.wdm.WebDriverManagerException: java.lang.NullPointerException
	at io.github.bonigarcia.wdm.WebDriverManager.handleException(WebDriverManager.java:523)
	at io.github.bonigarcia.wdm.WebDriverManager.manage(WebDriverManager.java:471)
	at io.github.bonigarcia.wdm.WebDriverManager.handleException(WebDriverManager.java:520)
	at io.github.bonigarcia.wdm.WebDriverManager.manage(WebDriverManager.java:471)
	at io.github.bonigarcia.wdm.WebDriverManager.setup(WebDriverManager.java:229)
	at com.MyTests.BaseTest.setUpTest(BaseTest.java:28)
	at sun.reflect.NativeMethodAccessorImpl.invoke0(Native Method)
	at sun.reflect.NativeMethodAccessorImpl.invoke(NativeMethodAccessorImpl.java:62)
	at sun.reflect.DelegatingMethodAccessorImpl.invoke(DelegatingMethodAccessorImpl.java:43)
	at java.lang.reflect.Method.invoke(Method.java:498)
	at org.testng.internal.MethodInvocationHelper.invokeMethod(MethodInvocationHelper.java:80)
	at org.testng.internal.Invoker.invokeConfigurationMethod(Invoker.java:564)
	at org.testng.internal.Invoker.invokeConfigurations(Invoker.java:213)
	at org.testng.internal.Invoker.invokeMethod(Invoker.java:653)
	at org.testng.internal.Invoker.invokeTestMethod(Invoker.java:907)
	at org.testng.internal.Invoker.invokeTestMethods(Invoker.java:1237)
	at org.testng.internal.TestMethodWorker.invokeTestMethods(TestMethodWorker.java:127)
	at org.testng.internal.TestMethodWorker.run(TestMethodWorker.java:111)
	at java.util.concurrent.ThreadPoolExecutor.runWorker(ThreadPoolExecutor.java:1142)
	at java.util.concurrent.ThreadPoolExecutor$Worker.run(ThreadPoolExecutor.java:617)
	at java.lang.Thread.run(Thread.java:745)
Caused by: java.lang.NullPointerException
	at io.github.bonigarcia.wdm.WebDriverManager.getDefaultBrowserVersion(WebDriverManager.java:958)
	at io.github.bonigarcia.wdm.FirefoxDriverManager.getBrowserVersion(FirefoxDriverManager.java:80)
	at io.github.bonigarcia.wdm.WebDriverManager.getVersionForInstalledBrowser(WebDriverManager.java:477)
	at io.github.bonigarcia.wdm.WebDriverManager.manage(WebDriverManager.java:430)
	... 19 more
]]>
    </failure>
  </testcase> <!-- @BeforeMethod setUpTest -->
  <testcase name="@AfterMethod setDown" time="0.0" classname="com.MyTests.LoginTest">
    <skipped/>
  </testcase> <!-- @AfterMethod setDown -->
  <testcase name="verifyLoginHeader" time="0.003" classname="com.MyTests.LoginTest">
    <skipped/>
  </testcase> <!-- verifyLoginHeader -->
  <testcase name="verifiyLoginTitleTest" time="0.003" classname="com.MyTests.LoginTest">
    <skipped/>
  </testcase> <!-- verifiyLoginTitleTest -->
  <testcase name="doLoginTest" time="0.0" classname="com.MyTests.LoginTest">
    <skipped/>
  </testcase> <!-- doLoginTest -->
</testsuite> <!-- Test with Firefox -->
